[debug] [2019-06-03T01:04:41.567Z] ----------------------------------------------------------------------
[debug] [2019-06-03T01:04:41.568Z] Command:       /Users/nickbrough/.nvm/versions/node/v11.14.0/bin/node /Users/nickbrough/.nvm/versions/node/v11.14.0/bin/firebase deploy
[debug] [2019-06-03T01:04:41.569Z] CLI Version:   6.10.0
[debug] [2019-06-03T01:04:41.569Z] Platform:      darwin
[debug] [2019-06-03T01:04:41.569Z] Node Version:  v11.14.0
[debug] [2019-06-03T01:04:41.569Z] Time:          Mon Jun 03 2019 11:04:41 GMT+1000 (Australian Eastern Standard Time)
[debug] [2019-06-03T01:04:41.569Z] ----------------------------------------------------------------------
[debug] 
[debug] [2019-06-03T01:04:41.576Z] > command requires scopes: ["email","openid","https://www.googleapis.com/auth/cloudplatformprojects.readonly","https://www.googleapis.com/auth/firebase","https://www.googleapis.com/auth/cloud-platform"]
[debug] [2019-06-03T01:04:41.577Z] > authorizing via signed-in user
[debug] [2019-06-03T01:04:41.577Z] [iam] checking project flashchat-108a5 for permissions ["firebase.projects.get","firebasehosting.sites.update"]
[debug] [2019-06-03T01:04:41.578Z] >>> HTTP REQUEST POST https://cloudresourcemanager.googleapis.com/v1/projects/flashchat-108a5:testIamPermissions  

[debug] [2019-06-03T01:04:43.386Z] <<< HTTP RESPONSE 200
[debug] [2019-06-03T01:04:43.389Z] >>> HTTP REQUEST GET https://firebase.googleapis.com/v1beta1/projects/flashchat-108a5  
 
[debug] [2019-06-03T01:04:43.970Z] <<< HTTP RESPONSE 200
[info] 
[info] === Deploying to 'flashchat-108a5'...
[info] 
[info] i  deploying hosting
[debug] [2019-06-03T01:04:43.974Z] >>> HTTP REQUEST POST https://firebasehosting.googleapis.com/v1beta1/sites/flashchat-108a5/versions  

[debug] [2019-06-03T01:04:55.747Z] <<< HTTP RESPONSE 503
[debug] [2019-06-03T01:04:55.747Z] <<< HTTP RESPONSE BODY
[error] 
[error] Error: HTTP Error: 503, The service is currently unavailable.
[debug] [2019-06-03T01:04:55.751Z] Error Context: {
  "body": {
    "error": {
      "code": 503,
      "message": "The service is currently unavailable.",
      "status": "UNAVAILABLE"
    }
  },
  "response": {
    "statusCode": 503,
    "body": {
      "error": {
        "code": 503,
        "message": "The service is currently unavailable.",
        "status": "UNAVAILABLE"
      }
    },
    "headers": {
      "vary": "X-Origin, Referer, Origin,Accept-Encoding",
      "content-type": "application/json; charset=UTF-8",
      "date": "Mon, 03 Jun 2019 01:04:55 GMT",
      "server": "ESF",
      "cache-control": "private",
      "x-xss-protection": "0",
      "x-frame-options": "SAMEORIGIN",
      "x-content-type-options": "nosniff",
      "alt-svc": "quic=\":443\"; ma=2592000; v=\"46,44,43,39\"",
      "accept-ranges": "none",
      "transfer-encoding": "chunked"
    },
    "request": {
      "uri": {
        "protocol": "https:",
        "slashes": true,
        "auth": null,
        "host": "firebasehosting.googleapis.com",
        "port": 443,
        "hostname": "firebasehosting.googleapis.com",
        "hash": null,
        "search": null,
        "query": null,
        "pathname": "/v1beta1/sites/flashchat-108a5/versions",
        "path": "/v1beta1/sites/flashchat-108a5/versions",
        "href": "https://firebasehosting.googleapis.com/v1beta1/sites/flashchat-108a5/versions"
      },
      "method": "POST"
    }
  }
}
[debug] [2019-06-03T01:05:23.812Z] ----------------------------------------------------------------------
[debug] [2019-06-03T01:05:23.814Z] Command:       /Users/nickbrough/.nvm/versions/node/v11.14.0/bin/node /Users/nickbrough/.nvm/versions/node/v11.14.0/bin/firebase deploy
[debug] [2019-06-03T01:05:23.814Z] CLI Version:   6.10.0
[debug] [2019-06-03T01:05:23.814Z] Platform:      darwin
[debug] [2019-06-03T01:05:23.814Z] Node Version:  v11.14.0
[debug] [2019-06-03T01:05:23.815Z] Time:          Mon Jun 03 2019 11:05:23 GMT+1000 (Australian Eastern Standard Time)
[debug] [2019-06-03T01:05:23.815Z] ----------------------------------------------------------------------
[debug] 
[debug] [2019-06-03T01:05:23.822Z] > command requires scopes: ["email","openid","https://www.googleapis.com/auth/cloudplatformprojects.readonly","https://www.googleapis.com/auth/firebase","https://www.googleapis.com/auth/cloud-platform"]
[debug] [2019-06-03T01:05:23.823Z] > authorizing via signed-in user
[debug] [2019-06-03T01:05:23.823Z] [iam] checking project flashchat-108a5 for permissions ["firebase.projects.get","firebasehosting.sites.update"]
[debug] [2019-06-03T01:05:23.824Z] >>> HTTP REQUEST POST https://cloudresourcemanager.googleapis.com/v1/projects/flashchat-108a5:testIamPermissions  

[debug] [2019-06-03T01:05:25.291Z] <<< HTTP RESPONSE 200
[debug] [2019-06-03T01:05:25.294Z] >>> HTTP REQUEST GET https://firebase.googleapis.com/v1beta1/projects/flashchat-108a5  
 
[debug] [2019-06-03T01:05:25.853Z] <<< HTTP RESPONSE 200
[info] 
[info] === Deploying to 'flashchat-108a5'...
[info] 
[info] i  deploying hosting
[debug] [2019-06-03T01:05:25.857Z] >>> HTTP REQUEST POST https://firebasehosting.googleapis.com/v1beta1/sites/flashchat-108a5/versions  

[debug] [2019-06-03T01:05:37.321Z] <<< HTTP RESPONSE 503
[debug] [2019-06-03T01:05:37.322Z] <<< HTTP RESPONSE BODY
[error] 
[error] Error: HTTP Error: 503, The service is currently unavailable.
[debug] [2019-06-03T01:05:37.326Z] Error Context: {
  "body": {
    "error": {
      "code": 503,
      "message": "The service is currently unavailable.",
      "status": "UNAVAILABLE"
    }
  },
  "response": {
    "statusCode": 503,
    "body": {
      "error": {
        "code": 503,
        "message": "The service is currently unavailable.",
        "status": "UNAVAILABLE"
      }
    },
    "headers": {
      "vary": "X-Origin, Referer, Origin,Accept-Encoding",
      "content-type": "application/json; charset=UTF-8",
      "date": "Mon, 03 Jun 2019 01:05:37 GMT",
      "server": "ESF",
      "cache-control": "private",
      "x-xss-protection": "0",
      "x-frame-options": "SAMEORIGIN",
      "x-content-type-options": "nosniff",
      "alt-svc": "quic=\":443\"; ma=2592000; v=\"46,44,43,39\"",
      "accept-ranges": "none",
      "transfer-encoding": "chunked"
    },
    "request": {
      "uri": {
        "protocol": "https:",
        "slashes": true,
        "auth": null,
        "host": "firebasehosting.googleapis.com",
        "port": 443,
        "hostname": "firebasehosting.googleapis.com",
        "hash": null,
        "search": null,
        "query": null,
        "pathname": "/v1beta1/sites/flashchat-108a5/versions",
        "path": "/v1beta1/sites/flashchat-108a5/versions",
        "href": "https://firebasehosting.googleapis.com/v1beta1/sites/flashchat-108a5/versions"
      },
      "method": "POST"
    }
  }
}
